Build started 2016/7/1 11:38:33.
     1>Project "E:\work\snake\lua-5.1\lua51\lua51.vcxproj" on node 2 (Build target(s)).
     1>ClCompile:
         D:\soft\vs2013\VC\bin\CL.exe /c /ZI /nologo /W3 /WX- /sdl- /Od /Oy- /D _MBCS /Gm /EHsc /RTC1 /MDd /GS /fp:precise /Zc:wchar_t /Zc:forScope /Fo"Debug\\" /Fd"Debug\vc120.pdb" /Gd /TC /analyze- /errorReport:prompt ..\src\lua.c
         lua.c
     1>e:\work\snake\lua-5.1\src\lua.c(309): warning C4996: 'getenv': This function or variable may be unsafe. Consider using _dupenv_s instead. To disable deprecation, use _CRT_SECURE_NO_WARNINGS. See online help for details.
                 d:\soft\vs2013\vc\include\stdlib.h(462) : see declaration of 'getenv'
       Link:
         D:\soft\vs2013\VC\bin\link.exe /ERRORREPORT:PROMPT /OUT:"E:\work\snake\lua-5.1\lua51\Debug\lua51.exe" /INCREMENTAL /NOLOGO kernel32.lib user32.lib gdi32.lib winspool.lib comdlg32.lib advapi32.lib shell32.lib ole32.lib oleaut32.lib uuid.lib odbc32.lib odbccp32.lib /MANIFEST /MANIFESTUAC:"level='asInvoker' uiAccess='false'" /manifest:embed /DEBUG /PDB:"E:\work\snake\lua-5.1\lua51\Debug\lua51.pdb" /TLBID:1 /DYNAMICBASE /NXCOMPAT /IMPLIB:"E:\work\snake\lua-5.1\lua51\Debug\lua51.lib" /MACHINE:X86 Debug\lapi.obj
         Debug\lauxlib.obj
         Debug\lbaselib.obj
         Debug\lcode.obj
         Debug\ldblib.obj
         Debug\ldebug.obj
         Debug\ldo.obj
         Debug\ldump.obj
         Debug\lfunc.obj
         Debug\lgc.obj
         Debug\linit.obj
         Debug\liolib.obj
         Debug\llex.obj
         Debug\lmathlib.obj
         Debug\lmem.obj
         Debug\loadlib.obj
         Debug\lobject.obj
         Debug\lopcodes.obj
         Debug\loslib.obj
         Debug\lparser.obj
         Debug\lstate.obj
         Debug\lstring.obj
         Debug\lstrlib.obj
         Debug\ltable.obj
         Debug\ltablib.obj
         Debug\ltm.obj
         Debug\lua.obj
         Debug\lundump.obj
         Debug\lvm.obj
         Debug\lzio.obj
         Debug\print.obj
         lua51.vcxproj -> E:\work\snake\lua-5.1\lua51\Debug\lua51.exe
     1>Done Building Project "E:\work\snake\lua-5.1\lua51\lua51.vcxproj" (Build target(s)).

Build succeeded.

Time Elapsed 00:00:00.29
